v ATLAS
# This file was created by ATLAS version 5.26.1.R on Fri Sep 18 11:54:19 2020.
#SSF 2.0 generic
##############################################################################
#                    Copyright (c) 1984 - 2018                               #
#                    Silvaco Inc. All rights reserved                        #
#                                                                            #
# This file format and the following Key are copyright Silvaco Inc.          #
# You may not use, this format or key without reproducing this message in    #
# full and obtaining express written permission from Silvaco Inc.            #
#                                                                            #
# To obtain such permission please contact: Silvaco Inc.                     #
#                                           support@silvaco.com              #
#                                                                            #
# KEY=SVC86hn7562asdx                       PROD=345                         #
##############################################################################
y 3 700 711 15
z 0.04 1e+041 300
f 3 "gate" "source" "drain" 
p 9 2 601 20 3 602 21 4 603 22 
d 0.000000000e+000 0.000000000e+000 0.000000000e+000 0.000000000e+000 0.000000000e+000 -4.645445656e-017 1.000000000e+000 1.000000000e+000 4.644234524e-017 
d 5.000000000e-002 5.000000000e-002 0.000000000e+000 0.000000000e+000 0.000000000e+000 -3.118457434e-016 1.000000000e+000 1.000000000e+000 3.118484543e-016 
d 1.000000000e-001 1.000000000e-001 0.000000000e+000 0.000000000e+000 0.000000000e+000 -2.089849854e-015 1.000000000e+000 1.000000000e+000 2.089853126e-015 
d 1.500000000e-001 1.500000000e-001 0.000000000e+000 0.000000000e+000 0.000000000e+000 -1.397237386e-014 1.000000000e+000 1.000000000e+000 1.397236667e-014 
d 2.000000000e-001 2.000000000e-001 0.000000000e+000 0.000000000e+000 0.000000000e+000 -9.322819345e-014 1.000000000e+000 1.000000000e+000 9.322819470e-014 
d 2.500000000e-001 2.500000000e-001 0.000000000e+000 0.000000000e+000 0.000000000e+000 -6.213223924e-013 1.000000000e+000 1.000000000e+000 6.213224030e-013 
d 3.000000000e-001 3.000000000e-001 0.000000000e+000 0.000000000e+000 0.000000000e+000 -4.137334075e-012 1.000000000e+000 1.000000000e+000 4.137334079e-012 
d 3.500000000e-001 3.500000000e-001 0.000000000e+000 0.000000000e+000 0.000000000e+000 -2.749841008e-011 1.000000000e+000 1.000000000e+000 2.749841009e-011 
d 4.000000000e-001 4.000000000e-001 0.000000000e+000 0.000000000e+000 0.000000000e+000 -1.820041529e-010 1.000000000e+000 1.000000000e+000 1.820041529e-010 
d 4.500000000e-001 4.500000000e-001 0.000000000e+000 0.000000000e+000 0.000000000e+000 -1.198226199e-009 1.000000000e+000 1.000000000e+000 1.198226199e-009 
d 5.000000000e-001 5.000000000e-001 0.000000000e+000 0.000000000e+000 0.000000000e+000 -7.832111613e-009 1.000000000e+000 1.000000000e+000 7.832111613e-009 
d 5.500000000e-001 5.500000000e-001 0.000000000e+000 0.000000000e+000 0.000000000e+000 -4.825125755e-008 1.000000000e+000 1.000000000e+000 4.825125755e-008 
d 6.000000000e-001 6.000000000e-001 0.000000000e+000 0.000000000e+000 0.000000000e+000 -2.489366301e-007 1.000000000e+000 1.000000000e+000 2.489366301e-007 
d 6.500000000e-001 6.500000000e-001 0.000000000e+000 0.000000000e+000 0.000000000e+000 -9.193552716e-007 1.000000000e+000 1.000000000e+000 9.193552716e-007 
d 7.000000000e-001 7.000000000e-001 0.000000000e+000 0.000000000e+000 0.000000000e+000 -2.259705404e-006 1.000000000e+000 1.000000000e+000 2.259705404e-006 
d 7.500000000e-001 7.500000000e-001 0.000000000e+000 0.000000000e+000 0.000000000e+000 -4.253850633e-006 1.000000000e+000 1.000000000e+000 4.253850633e-006 
d 8.000000000e-001 8.000000000e-001 0.000000000e+000 0.000000000e+000 0.000000000e+000 -6.863574703e-006 1.000000000e+000 1.000000000e+000 6.863574703e-006 
d 8.500000000e-001 8.500000000e-001 0.000000000e+000 0.000000000e+000 0.000000000e+000 -1.007533570e-005 1.000000000e+000 1.000000000e+000 1.007533570e-005 
d 9.000000000e-001 9.000000000e-001 0.000000000e+000 0.000000000e+000 0.000000000e+000 -1.401938760e-005 1.000000000e+000 1.000000000e+000 1.401938760e-005 
d 9.500000000e-001 9.500000000e-001 0.000000000e+000 0.000000000e+000 0.000000000e+000 -1.830927560e-005 1.000000000e+000 1.000000000e+000 1.830927560e-005 
d 1.000000000e+000 1.000000000e+000 0.000000000e+000 0.000000000e+000 0.000000000e+000 -2.327404879e-005 1.000000000e+000 1.000000000e+000 2.327404879e-005 
d 1.050000000e+000 1.050000000e+000 0.000000000e+000 0.000000000e+000 0.000000000e+000 -2.891898651e-005 1.000000000e+000 1.000000000e+000 2.891898651e-005 
d 1.100000000e+000 1.100000000e+000 0.000000000e+000 0.000000000e+000 0.000000000e+000 -3.498295131e-005 1.000000000e+000 1.000000000e+000 3.498295131e-005 
d 1.150000000e+000 1.150000000e+000 0.000000000e+000 0.000000000e+000 0.000000000e+000 -4.150155299e-005 1.000000000e+000 1.000000000e+000 4.150155299e-005 
d 1.200000000e+000 1.200000000e+000 0.000000000e+000 0.000000000e+000 0.000000000e+000 -4.864562149e-005 1.000000000e+000 1.000000000e+000 4.864562149e-005 
